<?xml version="1.0" encoding="UTF-8"?>
<coverage generated="1608819107659" clover="3.2.0">
  <project timestamp="1608819107660" name="All files">
    <metrics statements="26" coveredstatements="24" conditionals="0" coveredconditionals="0" methods="12" coveredmethods="9" elements="38" coveredelements="33" complexity="0" loc="26" ncloc="26" packages="1" files="4" classes="4"/>
    <file name="BasketItem.vue" path="C:\Users\Emre\Desktop\basket-app\src\components\BasketItem.vue">
      <metrics statements="4" coveredstatements="3" conditionals="0" coveredconditionals="0" methods="2" coveredmethods="1"/>
      <line num="24" count="2" type="stmt"/>
      <line num="31" count="0" type="stmt"/>
      <line num="38" count="1" type="stmt"/>
      <line num="39" count="1" type="stmt"/>
    </file>
    <file name="BasketList.vue" path="C:\Users\Emre\Desktop\basket-app\src\components\BasketList.vue">
      <metrics statements="13" coveredstatements="13" conditionals="0" coveredconditionals="0" methods="4" coveredmethods="4"/>
      <line num="75" count="1" type="stmt"/>
      <line num="76" count="1" type="stmt"/>
      <line num="77" count="1" type="stmt"/>
      <line num="91" count="5" type="stmt"/>
      <line num="98" count="3" type="stmt"/>
      <line num="99" count="3" type="stmt"/>
      <line num="100" count="6" type="stmt"/>
      <line num="102" count="3" type="stmt"/>
      <line num="103" count="3" type="stmt"/>
      <line num="105" count="1" type="stmt"/>
      <line num="110" count="1" type="stmt"/>
      <line num="112" count="2" type="stmt"/>
      <line num="120" count="1" type="stmt"/>
    </file>
    <file name="ProductItem.vue" path="C:\Users\Emre\Desktop\basket-app\src\components\ProductItem.vue">
      <metrics statements="4" coveredstatements="3" conditionals="0" coveredconditionals="0" methods="2" coveredmethods="1"/>
      <line num="34" count="2" type="stmt"/>
      <line num="42" count="0" type="stmt"/>
      <line num="49" count="2" type="stmt"/>
      <line num="53" count="2" type="stmt"/>
    </file>
    <file name="ProductList.vue" path="C:\Users\Emre\Desktop\basket-app\src\components\ProductList.vue">
      <metrics statements="5" coveredstatements="5" conditionals="0" coveredconditionals="0" methods="4" coveredmethods="3"/>
      <line num="13" count="1" type="stmt"/>
      <line num="14" count="1" type="stmt"/>
      <line num="23" count="1" type="stmt"/>
      <line num="29" count="1" type="stmt"/>
      <line num="34" count="1" type="stmt"/>
    </file>
  </project>
</coverage>
