{"C:\\Users\\Emre\\Desktop\\basket-app\\src\\components\\BasketItem.vue": {"path":"C:\\Users\\Emre\\Desktop\\basket-app\\src\\components\\BasketItem.vue","statementMap":{"0":{"start":{"line":24,"column":0},"end":{"line":24,"column":null}},"1":{"start":{"line":31,"column":0},"end":{"line":31,"column":null}},"2":{"start":{"line":38,"column":0},"end":{"line":38,"column":null}},"3":{"start":{"line":39,"column":0},"end":{"line":39,"column":null}}},"fnMap":{"0":{"name":"(anonymous_1)","decl":{"start":{"line":31,"column":0},"end":{"line":31,"column":null}},"loc":{"start":{"line":31,"column":0},"end":{"line":31,"column":null}}},"1":{"name":"(anonymous_2)","decl":{"start":{"line":37,"column":0},"end":{"line":37,"column":null}},"loc":{"start":{"line":37,"column":0},"end":{"line":44,"column":null}}}},"branchMap":{},"s":{"0":2,"1":0,"2":1,"3":1},"f":{"0":0,"1":1},"b":{}}
,"C:\\Users\\Emre\\Desktop\\basket-app\\src\\components\\BasketList.vue": {"path":"C:\\Users\\Emre\\Desktop\\basket-app\\src\\components\\BasketList.vue","statementMap":{"0":{"start":{"line":75,"column":0},"end":{"line":75,"column":null}},"1":{"start":{"line":76,"column":0},"end":{"line":76,"column":null}},"2":{"start":{"line":77,"column":0},"end":{"line":77,"column":null}},"3":{"start":{"line":91,"column":0},"end":{"line":91,"column":null}},"4":{"start":{"line":98,"column":0},"end":{"line":98,"column":null}},"5":{"start":{"line":99,"column":0},"end":{"line":101,"column":null}},"6":{"start":{"line":100,"column":0},"end":{"line":100,"column":null}},"7":{"start":{"line":102,"column":0},"end":{"line":117,"column":null}},"8":{"start":{"line":103,"column":0},"end":{"line":103,"column":null}},"9":{"start":{"line":105,"column":0},"end":{"line":105,"column":null}},"10":{"start":{"line":110,"column":0},"end":{"line":110,"column":null}},"11":{"start":{"line":112,"column":0},"end":{"line":112,"column":null}},"12":{"start":{"line":120,"column":0},"end":{"line":120,"column":null}}},"fnMap":{"0":{"name":"(anonymous_1)","decl":{"start":{"line":90,"column":0},"end":{"line":90,"column":null}},"loc":{"start":{"line":90,"column":0},"end":{"line":94,"column":null}}},"1":{"name":"(anonymous_2)","decl":{"start":{"line":97,"column":0},"end":{"line":97,"column":null}},"loc":{"start":{"line":97,"column":0},"end":{"line":118,"column":null}}},"2":{"name":"(anonymous_3)","decl":{"start":{"line":99,"column":0},"end":{"line":99,"column":null}},"loc":{"start":{"line":99,"column":0},"end":{"line":101,"column":null}}},"3":{"name":"(anonymous_4)","decl":{"start":{"line":119,"column":0},"end":{"line":119,"column":null}},"loc":{"start":{"line":119,"column":0},"end":{"line":121,"column":null}}}},"branchMap":{},"s":{"0":1,"1":1,"2":1,"3":5,"4":3,"5":3,"6":6,"7":3,"8":3,"9":1,"10":1,"11":2,"12":1},"f":{"0":5,"1":3,"2":6,"3":1},"b":{}}
,"C:\\Users\\Emre\\Desktop\\basket-app\\src\\components\\ProductItem.vue": {"path":"C:\\Users\\Emre\\Desktop\\basket-app\\src\\components\\ProductItem.vue","statementMap":{"0":{"start":{"line":34,"column":0},"end":{"line":34,"column":null}},"1":{"start":{"line":42,"column":0},"end":{"line":42,"column":null}},"2":{"start":{"line":49,"column":0},"end":{"line":49,"column":null}},"3":{"start":{"line":53,"column":0},"end":{"line":53,"column":null}}},"fnMap":{"0":{"name":"(anonymous_1)","decl":{"start":{"line":42,"column":0},"end":{"line":42,"column":null}},"loc":{"start":{"line":42,"column":0},"end":{"line":42,"column":null}}},"1":{"name":"(anonymous_2)","decl":{"start":{"line":48,"column":0},"end":{"line":48,"column":null}},"loc":{"start":{"line":48,"column":0},"end":{"line":58,"column":null}}}},"branchMap":{},"s":{"0":2,"1":0,"2":2,"3":2},"f":{"0":0,"1":2},"b":{}}
,"C:\\Users\\Emre\\Desktop\\basket-app\\src\\components\\ProductList.vue": {"path":"C:\\Users\\Emre\\Desktop\\basket-app\\src\\components\\ProductList.vue","statementMap":{"0":{"start":{"line":13,"column":0},"end":{"line":13,"column":null}},"1":{"start":{"line":14,"column":0},"end":{"line":14,"column":null}},"2":{"start":{"line":23,"column":0},"end":{"line":23,"column":null}},"3":{"start":{"line":29,"column":0},"end":{"line":29,"column":null}},"4":{"start":{"line":34,"column":0},"end":{"line":34,"column":null}}},"fnMap":{"0":{"name":"(anonymous_1)","decl":{"start":{"line":22,"column":0},"end":{"line":22,"column":null}},"loc":{"start":{"line":22,"column":0},"end":{"line":26,"column":null}}},"1":{"name":"(anonymous_2)","decl":{"start":{"line":28,"column":0},"end":{"line":28,"column":null}},"loc":{"start":{"line":28,"column":0},"end":{"line":30,"column":null}}},"2":{"name":"(anonymous_3)","decl":{"start":{"line":33,"column":0},"end":{"line":33,"column":null}},"loc":{"start":{"line":33,"column":0},"end":{"line":37,"column":null}}},"3":{"name":"(anonymous_4)","decl":{"start":{"line":34,"column":0},"end":{"line":34,"column":null}},"loc":{"start":{"line":34,"column":0},"end":{"line":34,"column":null}}}},"branchMap":{},"s":{"0":1,"1":1,"2":1,"3":1,"4":1},"f":{"0":1,"1":1,"2":1,"3":0},"b":{}}
}
