TN:
SF:C:\Users\Emre\Desktop\basket-app\src\components\BasketItem.vue
FN:31,(anonymous_1)
FN:37,(anonymous_2)
FNF:2
FNH:1
FNDA:0,(anonymous_1)
FNDA:1,(anonymous_2)
DA:24,2
DA:31,0
DA:38,1
DA:39,1
LF:4
LH:3
BRF:0
BRH:0
end_of_record
TN:
SF:C:\Users\Emre\Desktop\basket-app\src\components\BasketList.vue
FN:90,(anonymous_1)
FN:97,(anonymous_2)
FN:99,(anonymous_3)
FN:119,(anonymous_4)
FNF:4
FNH:4
FNDA:5,(anonymous_1)
FNDA:3,(anonymous_2)
FNDA:6,(anonymous_3)
FNDA:1,(anonymous_4)
DA:75,1
DA:76,1
DA:77,1
DA:91,5
DA:98,3
DA:99,3
DA:100,6
DA:102,3
DA:103,3
DA:105,1
DA:110,1
DA:112,2
DA:120,1
LF:13
LH:13
BRF:0
BRH:0
end_of_record
TN:
SF:C:\Users\Emre\Desktop\basket-app\src\components\ProductItem.vue
FN:42,(anonymous_1)
FN:48,(anonymous_2)
FNF:2
FNH:1
FNDA:0,(anonymous_1)
FNDA:2,(anonymous_2)
DA:34,2
DA:42,0
DA:49,2
DA:53,2
LF:4
LH:3
BRF:0
BRH:0
end_of_record
TN:
SF:C:\Users\Emre\Desktop\basket-app\src\components\ProductList.vue
FN:22,(anonymous_1)
FN:28,(anonymous_2)
FN:33,(anonymous_3)
FN:34,(anonymous_4)
FNF:4
FNH:3
FNDA:1,(anonymous_1)
FNDA:1,(anonymous_2)
FNDA:1,(anonymous_3)
FNDA:0,(anonymous_4)
DA:13,1
DA:14,1
DA:23,1
DA:29,1
DA:34,1
LF:5
LH:5
BRF:0
BRH:0
end_of_record
